#
# There is insufficient memory for the Java Runtime Environment to continue.
# Native memory allocation (mmap) failed to map 127926272 bytes for Failed to commit area from 0x0000000086600000 to 0x000000008e000000 of length 127926272.
# Possible reasons:
#   The system is out of physical RAM or swap space
#   The process is running with CompressedOops enabled, and the Java Heap may be blocking the growth of the native heap
# Possible solutions:
#   Reduce memory load on the system
#   Increase physical memory or swap space
#   Check if swap backing store is full
#   Decrease Java heap size (-Xmx/-Xms)
#   Decrease number of Java threads
#   Decrease Java thread stack sizes (-Xss)
#   Set larger code cache with -XX:ReservedCodeCacheSize=
# This output file may be truncated or incomplete.
#
#  Out of Memory Error (./src/hotspot/os/windows/os_windows.cpp:3521), pid=4424, tid=18728
#
# JRE version:  (11.0.12+7) (build )
# Java VM: OpenJDK 64-Bit Server VM (11.0.12+7-b1504.40, mixed mode, sharing, tiered, compressed oops, g1 gc, windows-amd64)
# No core dump will be written. Minidumps are not enabled by default on client versions of Windows
#

---------------  S U M M A R Y ------------

Command Line: git4idea.http.GitAskPassApp Username for 'https://github.com': 

Host: Intel(R) Core(TM) i5-1035G4 CPU @ 1.10GHz, 8 cores, 7G,  Windows 10 , 64 bit Build 19041 (10.0.19041.1320)
Time: Thu Nov 11 22:37:23 2021 中国标准时间 elapsed time: 0.032029 seconds (0d 0h 0m 0s)

---------------  T H R E A D  ---------------

Current thread (0x0000020df42cb000):  JavaThread "Unknown thread" [_thread_in_vm, id=18728, stack(0x000000ed51f00000,0x000000ed52000000)]

Stack: [0x000000ed51f00000,0x000000ed52000000]
Native frames: (J=compiled Java code, j=interpreted, Vv=VM code, C=native code)
V  [jvm.dll+0x5ff40a]
V  [jvm.dll+0x783b65]
V  [jvm.dll+0x78517d]
V  [jvm.dll+0x785833]
V  [jvm.dll+0x249408]
V  [jvm.dll+0x5fc7f4]
V  [jvm.dll+0x5f13c5]
V  [jvm.dll+0x3076bb]
V  [jvm.dll+0x30762a]
V  [jvm.dll+0x307502]
V  [jvm.dll+0x30c466]
V  [jvm.dll+0x355543]
V  [jvm.dll+0x355c46]
V  [jvm.dll+0x355643]
V  [jvm.dll+0x2e2018]
V  [jvm.dll+0x2e31c7]
V  [jvm.dll+0x761f57]
V  [jvm.dll+0x76374c]
V  [jvm.dll+0x362ab9]
V  [jvm.dll+0x7455be]
V  [jvm.dll+0x3cb673]
V  [jvm.dll+0x3cda21]
C  [jli.dll+0x536b]
C  [ucrtbase.dll+0x21bb2]
C  [KERNEL32.DLL+0x17034]
C  [ntdll.dll+0x52651]


---------------  P R O C E S S  ---------------

Threads class SMR info:
_java_thread_list=0x0000020df2171cb0, length=0, elements={
}

Java Threads: ( => current thread )

Other Threads:
  0x0000020df42e4800 GCTaskThread "GC Thread#0" [stack: 0x000000ed52000000,0x000000ed52100000] [id=1636]
  0x0000020df4317000 ConcurrentGCThread "G1 Main Marker" [stack: 0x000000ed52100000,0x000000ed52200000] [id=12376]
  0x0000020df4318800 ConcurrentGCThread "G1 Conc#0" [stack: 0x000000ed52200000,0x000000ed52300000] [id=10932]

[error occurred during error reporting (printing all threads), id 0xc0000005, EXCEPTION_ACCESS_VIOLATION (0xc0000005) at pc=0x00007ffeb33827a7]

VM state:not at safepoint (not fully initialized)

VM Mutex/Monitor currently owned by a thread:  ([mutex/lock_event])
[0x0000020df42c9c60] Heap_lock - owner thread: 0x0000020df42cb000

Heap address: 0x0000000086600000, size: 1946 MB, Compressed Oops mode: Non-zero based: 0x0000000086600000
Narrow klass base: 0x0000000000000000, Narrow klass shift: 0

GC Heap History (0 events):
No events

Deoptimization events (0 events):
No events

Classes redefined (0 events):
No events

Internal exceptions (0 events):
No events

Events (1 events):
Event: 0.014 Loaded shared library C:\Users\im\AppData\Local\JetBrains\Toolbox\apps\WebStorm\ch-0\212.5457.55\jbr\bin\zip.dll


Dynamic libraries:
0x00007ff644940000 - 0x00007ff64494a000 	C:\Users\im\AppData\Local\JetBrains\Toolbox\apps\WebStorm\ch-0\212.5457.55\jbr\bin\java.exe
0x00007ffefb150000 - 0x00007ffefb345000 	C:\WINDOWS\SYSTEM32\ntdll.dll
0x00007ffef96d0000 - 0x00007ffef978e000 	C:\WINDOWS\System32\KERNEL32.DLL
0x00007ffef89d0000 - 0x00007ffef8c98000 	C:\WINDOWS\System32\KERNELBASE.dll
0x00007ffef8e50000 - 0x00007ffef8f50000 	C:\WINDOWS\System32\ucrtbase.dll
0x00007ffee6f20000 - 0x00007ffee6f39000 	C:\Users\im\AppData\Local\JetBrains\Toolbox\apps\WebStorm\ch-0\212.5457.55\jbr\bin\jli.dll
0x00007ffeefd00000 - 0x00007ffeefd17000 	C:\Users\im\AppData\Local\JetBrains\Toolbox\apps\WebStorm\ch-0\212.5457.55\jbr\bin\VCRUNTIME140.dll
0x00007ffef9dc0000 - 0x00007ffef9f61000 	C:\WINDOWS\System32\USER32.dll
0x00007ffef9000000 - 0x00007ffef9022000 	C:\WINDOWS\System32\win32u.dll
0x00007ffef97f0000 - 0x00007ffef981b000 	C:\WINDOWS\System32\GDI32.dll
0x00007ffef9090000 - 0x00007ffef919b000 	C:\WINDOWS\System32\gdi32full.dll
0x00007ffef8930000 - 0x00007ffef89cd000 	C:\WINDOWS\System32\msvcp_win.dll
0x00007ffedff30000 - 0x00007ffee01ca000 	C:\WINDOWS\WinSxS\amd64_microsoft.windows.common-controls_6595b64144ccf1df_6.0.19041.1110_none_60b5254171f9507e\COMCTL32.dll
0x00007ffefa200000 - 0x00007ffefa29e000 	C:\WINDOWS\System32\msvcrt.dll
0x00007ffefafb0000 - 0x00007ffefafe0000 	C:\WINDOWS\System32\IMM32.DLL
0x00007ffee69f0000 - 0x00007ffee6a8d000 	C:\Users\im\AppData\Local\JetBrains\Toolbox\apps\WebStorm\ch-0\212.5457.55\jbr\bin\msvcp140.dll
0x00007ffeb3090000 - 0x00007ffeb3be8000 	C:\Users\im\AppData\Local\JetBrains\Toolbox\apps\WebStorm\ch-0\212.5457.55\jbr\bin\server\jvm.dll
0x00007ffef9340000 - 0x00007ffef93ec000 	C:\WINDOWS\System32\ADVAPI32.dll
0x00007ffef9280000 - 0x00007ffef931b000 	C:\WINDOWS\System32\sechost.dll
0x00007ffefafe0000 - 0x00007ffefb10a000 	C:\WINDOWS\System32\RPCRT4.dll
0x00007ffefa060000 - 0x00007ffefa068000 	C:\WINDOWS\System32\PSAPI.DLL
0x00007ffef0df0000 - 0x00007ffef0dfa000 	C:\WINDOWS\SYSTEM32\VERSION.dll
0x00007ffecdab0000 - 0x00007ffecdab9000 	C:\WINDOWS\SYSTEM32\WSOCK32.dll
0x00007ffedf9c0000 - 0x00007ffedf9e7000 	C:\WINDOWS\SYSTEM32\WINMM.dll
0x00007ffef9470000 - 0x00007ffef94db000 	C:\WINDOWS\System32\WS2_32.dll
0x00007ffef6750000 - 0x00007ffef6762000 	C:\WINDOWS\SYSTEM32\kernel.appcore.dll
0x00007ffef5c40000 - 0x00007ffef5c51000 	C:\Users\im\AppData\Local\JetBrains\Toolbox\apps\WebStorm\ch-0\212.5457.55\jbr\bin\verify.dll
0x00007ffeee4e0000 - 0x00007ffeee6c4000 	C:\WINDOWS\SYSTEM32\DBGHELP.DLL
0x00007ffedf970000 - 0x00007ffedf99c000 	C:\WINDOWS\SYSTEM32\dbgcore.DLL
0x00007ffef8870000 - 0x00007ffef88f3000 	C:\WINDOWS\System32\bcryptPrimitives.dll
0x00007ffef3df0000 - 0x00007ffef3e19000 	C:\Users\im\AppData\Local\JetBrains\Toolbox\apps\WebStorm\ch-0\212.5457.55\jbr\bin\java.dll
0x00007ffef5d80000 - 0x00007ffef5d8b000 	C:\Users\im\AppData\Local\JetBrains\Toolbox\apps\WebStorm\ch-0\212.5457.55\jbr\bin\jimage.dll
0x00007ffef5c20000 - 0x00007ffef5c38000 	C:\Users\im\AppData\Local\JetBrains\Toolbox\apps\WebStorm\ch-0\212.5457.55\jbr\bin\zip.dll

dbghelp: loaded successfully - version: 4.0.5 - missing functions: none
symbol engine: initialized successfully - sym options: 0x614 - pdb path: .;C:\Users\im\AppData\Local\JetBrains\Toolbox\apps\WebStorm\ch-0\212.5457.55\jbr\bin;C:\WINDOWS\SYSTEM32;C:\WINDOWS\WinSxS\amd64_microsoft.windows.common-controls_6595b64144ccf1df_6.0.19041.1110_none_60b5254171f9507e;C:\Users\im\AppData\Local\JetBrains\Toolbox\apps\WebStorm\ch-0\212.5457.55\jbr\bin\server

VM Arguments:
java_command: git4idea.http.GitAskPassApp Username for 'https://github.com': 
java_class_path (initial): C:/Users/im/AppData/Local/JetBrains/Toolbox/apps/WebStorm/ch-0/212.5457.55/plugins/git4idea/lib/git4idea-rt.jar;C:/Users/im/AppData/Local/JetBrains/Toolbox/apps/WebStorm/ch-0/212.5457.55/lib/3rd-party.jar
Launcher Type: SUN_STANDARD

[Global flags]
     intx CICompilerCount                          = 4                                         {product} {ergonomic}
     uint ConcGCThreads                            = 2                                         {product} {ergonomic}
     uint G1ConcRefinementThreads                  = 8                                         {product} {ergonomic}
   size_t G1HeapRegionSize                         = 1048576                                   {product} {ergonomic}
    uintx GCDrainStackTargetSize                   = 64                                        {product} {ergonomic}
   size_t InitialHeapSize                          = 127926272                                 {product} {ergonomic}
   size_t MarkStackSize                            = 4194304                                   {product} {ergonomic}
   size_t MaxHeapSize                              = 2040528896                                {product} {ergonomic}
   size_t MinHeapDeltaBytes                        = 1048576                                   {product} {ergonomic}
    uintx NonNMethodCodeHeapSize                   = 5836300                                {pd product} {ergonomic}
    uintx NonProfiledCodeHeapSize                  = 122910970                              {pd product} {ergonomic}
    uintx ProfiledCodeHeapSize                     = 122910970                              {pd product} {ergonomic}
    uintx ReservedCodeCacheSize                    = 251658240                              {pd product} {ergonomic}
     bool SegmentedCodeCache                       = true                                      {product} {ergonomic}
     bool UseCompressedClassPointers               = true                                 {lp64_product} {ergonomic}
     bool UseCompressedOops                        = true                                 {lp64_product} {ergonomic}
     bool UseG1GC                                  = true                                      {product} {ergonomic}
     bool UseLargePagesIndividualAllocation        = false                                  {pd product} {ergonomic}

Logging:
Log output configuration:
 #0: stdout all=warning uptime,level,tags
 #1: stderr all=off uptime,level,tags

Environment Variables:
PATH=C:\Program Files\Git\mingw64\libexec\git-core;C:\Program Files\Git\mingw64\libexec\git-core;C:\Program Files\Git\mingw64\bin;C:\Program Files\Git\usr\bin;C:\Users\im\bin;C:\Python39\Scripts;C:\Python39;C:\Program Files (x86)\Common Files\Oracle\Java\javapath;C:\WINDOWS\system32;C:\WINDOWS;C:\WINDOWS\System32\Wbem;C:\WINDOWS\System32\WindowsPowerShell\v1.0;C:\WINDOWS\System32\OpenSSH;C:\Program Files\Microsoft VS Code\bin;C:\Program Files (x86)\NetSarang\Xftp 7;C:\Program Files (x86)\NetSarang\Xshell 7;C:\ProgramData\chocolatey\bin;C:\Program Files\Git\cmd;C:\Program Files\dotnet;C:\Users\im\AppData\Roaming\nvm;C:\Program Files\nodejs;C:\Users\im\AppData\Local\Microsoft\WindowsApps;C:\Program Files\Bandizip;C:\Program Files\JetBrains\IntelliJ IDEA 2020.2.3\bin;C:\Program Files\JetBrains\JetBrains Rider 2020.3.2\bin;C:\Program Files\JetBrains\CLion 2021.1.1\bin;C:\Users\im\AppData\Roaming\nvm;C:\Program Files\nodejs
USERNAME=im
DISPLAY=:0.0
LC_ALL=en_US.UTF-8
OS=Windows_NT
PROCESSOR_IDENTIFIER=Intel64 Family 6 Model 126 Stepping 5, GenuineIntel



---------------  S Y S T E M  ---------------

OS: Windows 10 , 64 bit Build 19041 (10.0.19041.1320)
OS uptime: 0 days 8:46 hours

CPU:total 8 (initial active 8) (4 cores per cpu, 2 threads per core) family 6 model 126 stepping 5 microcode 0xa6, cmov, cx8, fxsr, mmx, sse, sse2, sse3, ssse3, sse4.1, sse4.2, popcnt, avx, avx2, aes, clmul, erms, 3dnowpref, lzcnt, ht, tsc, tscinvbit, bmi1, bmi2, adx, evex, sha, fma

Memory: 4k page, system-wide physical 7778M (568M free)
TotalPageFile size 15870M (AvailPageFile size 35M)
current process WorkingSet (physical memory assigned to process): 10M, peak: 10M
current process commit charge ("private bytes"): 59M, peak: 181M

vm_info: OpenJDK 64-Bit Server VM (11.0.12+7-b1504.40) for windows-amd64 JRE (11.0.12+7-b1504.40), built on Sep 23 2021 14:38:03 by "" with MS VC++ 14.0 (VS2015)

END.
